<?xml version="1.0" encoding="UTF-8"?>
<!-- Generated by org.testng.reporters.JUnitReportReporter -->
<testsuite skipped="0" hostname="Akshay-PC" name="com.crm.qa.testcases.LoginPageTest" tests="3" failures="0" timestamp="20 Jan 2018 15:06:41 GMT" time="23.499" errors="0">
  <testcase name="loginPageTitleTest" time="6.376" classname="com.crm.qa.testcases.LoginPageTest"/>
  <testcase name="crmLogoImageTest" time="6.433" classname="com.crm.qa.testcases.LoginPageTest"/>
  <testcase name="loginTest" time="10.690" classname="com.crm.qa.testcases.LoginPageTest"/>
</testsuite> <!-- com.crm.qa.testcases.LoginPageTest -->
