<?xml version="1.0" encoding="UTF-8"?>
<!-- Generated by org.testng.reporters.JUnitReportReporter -->
<testsuite skipped="0" hostname="Akshay-PC" name="com.crm.qa.testcases.LoginPageTest" tests="3" failures="0" timestamp="19 Jan 2018 13:39:15 GMT" time="109.999" errors="0">
  <testcase name="loginPageTitleTest" time="68.645" classname="com.crm.qa.testcases.LoginPageTest"/>
  <testcase name="crmLogoImageTest" time="16.730" classname="com.crm.qa.testcases.LoginPageTest"/>
  <testcase name="loginTest" time="24.624" classname="com.crm.qa.testcases.LoginPageTest"/>
</testsuite> <!-- com.crm.qa.testcases.LoginPageTest -->
