<?xml version="1.0" encoding="UTF-8"?>
<!-- Generated by org.testng.reporters.JUnitReportReporter -->
<testsuite skipped="0" hostname="Akshay-PC" name="com.crm.qa.testcases.LoginPageTest" tests="3" failures="0" timestamp="16 Jan 2018 21:04:49 GMT" time="30.035" errors="0">
  <testcase name="loginPageTitleTest" time="8.247" classname="com.crm.qa.testcases.LoginPageTest"/>
  <testcase name="crmLogoImageTest" time="7.967" classname="com.crm.qa.testcases.LoginPageTest"/>
  <testcase name="loginTest" time="13.821" classname="com.crm.qa.testcases.LoginPageTest"/>
</testsuite> <!-- com.crm.qa.testcases.LoginPageTest -->
