<?xml version="1.0" encoding="UTF-8"?>
<!-- Generated by org.testng.reporters.JUnitReportReporter -->
<testsuite skipped="0" hostname="Akshay-PC" name="com.crm.qa.testcases.ContactsPageTest" tests="6" failures="0" timestamp="16 Jan 2018 21:04:49 GMT" time="104.868" errors="0">
  <testcase name="verifyContactsPageLabel" time="13.589" classname="com.crm.qa.testcases.ContactsPageTest"/>
  <testcase name="selectSingleContactsTest" time="17.242" classname="com.crm.qa.testcases.ContactsPageTest"/>
  <testcase name="selectMultipleContactsTest" time="16.406" classname="com.crm.qa.testcases.ContactsPageTest"/>
  <testcase name="validateCreateNewContact" time="21.268" classname="com.crm.qa.testcases.ContactsPageTest"/>
  <testcase name="validateCreateNewContact" time="16.380" classname="com.crm.qa.testcases.ContactsPageTest"/>
  <testcase name="validateCreateNewContact" time="19.983" classname="com.crm.qa.testcases.ContactsPageTest"/>
</testsuite> <!-- com.crm.qa.testcases.ContactsPageTest -->
