<?xml version="1.0" encoding="UTF-8"?>
<!-- Generated by org.testng.reporters.JUnitReportReporter -->
<testsuite skipped="0" hostname="Akshay-PC" name="com.crm.qa.testcases.LoginPageTest" tests="3" failures="0" timestamp="18 Jan 2018 22:15:27 GMT" time="35.613" errors="0">
  <testcase name="loginPageTitleTest" time="8.477" classname="com.crm.qa.testcases.LoginPageTest"/>
  <testcase name="crmLogoImageTest" time="10.358" classname="com.crm.qa.testcases.LoginPageTest"/>
  <testcase name="loginTest" time="16.778" classname="com.crm.qa.testcases.LoginPageTest"/>
</testsuite> <!-- com.crm.qa.testcases.LoginPageTest -->
