<?xml version="1.0" encoding="UTF-8"?>
<!-- Generated by org.testng.reporters.JUnitReportReporter -->
<testsuite skipped="0" hostname="Akshay-PC" name="com.crm.qa.testcases.LoginPageTest" tests="3" failures="0" timestamp="17 Jan 2018 05:11:35 GMT" time="46.675" errors="0">
  <testcase name="loginPageTitleTest" time="11.411" classname="com.crm.qa.testcases.LoginPageTest"/>
  <testcase name="crmLogoImageTest" time="11.827" classname="com.crm.qa.testcases.LoginPageTest"/>
  <testcase name="loginTest" time="23.437" classname="com.crm.qa.testcases.LoginPageTest"/>
</testsuite> <!-- com.crm.qa.testcases.LoginPageTest -->
