<?xml version="1.0" encoding="UTF-8"?>
<!-- Generated by org.testng.reporters.JUnitReportReporter -->
<testsuite skipped="0" hostname="Akshay-PC" name="com.crm.qa.testcases.LoginPageTest" tests="3" failures="0" timestamp="19 Jan 2018 00:07:01 GMT" time="35.730" errors="0">
  <testcase name="loginPageTitleTest" time="10.777" classname="com.crm.qa.testcases.LoginPageTest"/>
  <testcase name="crmLogoImageTest" time="9.132" classname="com.crm.qa.testcases.LoginPageTest"/>
  <testcase name="loginTest" time="15.821" classname="com.crm.qa.testcases.LoginPageTest"/>
</testsuite> <!-- com.crm.qa.testcases.LoginPageTest -->
